[0m18:13:46.844822 [debug] [MainThread]: Sending event: {'category': 'dbt', 'action': 'invocation', 'label': 'start', 'context': [<snowplow_tracker.self_describing_json.SelfDescribingJson object at 0x000001EFCA530380>, <snowplow_tracker.self_describing_json.SelfDescribingJson object at 0x000001EFCD09C650>, <snowplow_tracker.self_describing_json.SelfDescribingJson object at 0x000001EFCA42A3C0>]}


============================== 18:13:46.852850 | 40f18b9e-0711-4e4d-8001-db964ea29098 ==============================
[0m18:13:46.852850 [info ] [MainThread]: Running with dbt=1.9.0-b1
[0m18:13:46.853848 [debug] [MainThread]: running dbt with arguments {'printer_width': '80', 'indirect_selection': 'eager', 'log_cache_events': 'False', 'write_json': 'True', 'partial_parse': 'True', 'cache_selected_only': 'False', 'profiles_dir': 'C:\\Users\\Vasya\\.dbt', 'fail_fast': 'False', 'warn_error': 'None', 'log_path': 'logs', 'version_check': 'True', 'debug': 'False', 'use_colors': 'True', 'use_experimental_parser': 'False', 'empty': 'None', 'quiet': 'False', 'no_print': 'None', 'warn_error_options': 'WarnErrorOptions(include=[], exclude=[])', 'invocation_command': 'dbt init assigment-4', 'static_parser': 'True', 'log_format': 'default', 'target_path': 'None', 'introspect': 'True', 'send_anonymous_usage_stats': 'True'}
[0m18:13:46.902080 [warn ] [MainThread]: [ConfigFolderDirectory]: Unable to parse dict {'dir': WindowsPath('C:/Users/Vasya/.dbt')}
[0m18:13:46.903078 [info ] [MainThread]: Creating dbt configuration folder at 
[0m18:14:31.449091 [debug] [MainThread]: Starter project path: C:\Users\Vasya\AppData\Local\Programs\Python\Python312\Lib\site-packages\dbt\include\starter_project
[0m18:14:31.479910 [info ] [MainThread]: 
Your new dbt project "assigment_4" was created!

For more information on how to configure the profiles.yml file,
please consult the dbt documentation here:

  https://docs.getdbt.com/docs/configure-your-profile

One more thing:

Need help? Don't hesitate to reach out to us via GitHub issues or on Slack:

  https://community.getdbt.com/

Happy modeling!

[0m18:14:31.480932 [info ] [MainThread]: Setting up your profile.
[0m18:14:44.760503 [info ] [MainThread]: Profile assigment_4 written to C:\Users\Vasya\.dbt\profiles.yml using target's sample configuration. Once updated, you'll be able to start developing with dbt.
[0m18:14:44.763506 [debug] [MainThread]: Command `dbt init` succeeded at 18:14:44.762489 after 58.11 seconds
[0m18:14:44.763506 [debug] [MainThread]: Sending event: {'category': 'dbt', 'action': 'invocation', 'label': 'end', 'context': [<snowplow_tracker.self_describing_json.SelfDescribingJson object at 0x000001EFCCE4EAE0>, <snowplow_tracker.self_describing_json.SelfDescribingJson object at 0x000001EFCCDD5D30>, <snowplow_tracker.self_describing_json.SelfDescribingJson object at 0x000001EFCD3983E0>]}
[0m18:14:44.765508 [debug] [MainThread]: Flushing usage events
[0m18:14:45.344557 [debug] [MainThread]: An error was encountered while trying to flush usage events
[0m19:01:22.147293 [debug] [MainThread]: Sending event: {'category': 'dbt', 'action': 'invocation', 'label': 'start', 'context': [<snowplow_tracker.self_describing_json.SelfDescribingJson object at 0x000001A26E0D60F0>, <snowplow_tracker.self_describing_json.SelfDescribingJson object at 0x000001A26E10F230>, <snowplow_tracker.self_describing_json.SelfDescribingJson object at 0x000001A26E7F3DD0>]}


============================== 19:01:22.156721 | 7cb816cd-2d90-415f-aff7-e5c7c94fc3c2 ==============================
[0m19:01:22.156721 [info ] [MainThread]: Running with dbt=1.9.0-b1
[0m19:01:22.157726 [debug] [MainThread]: running dbt with arguments {'printer_width': '80', 'indirect_selection': 'eager', 'log_cache_events': 'False', 'write_json': 'True', 'partial_parse': 'True', 'cache_selected_only': 'False', 'warn_error': 'None', 'fail_fast': 'False', 'debug': 'False', 'log_path': 'logs', 'profiles_dir': 'C:\\Users\\Vasya\\.dbt', 'version_check': 'True', 'use_colors': 'True', 'use_experimental_parser': 'False', 'no_print': 'None', 'quiet': 'False', 'empty': 'None', 'log_format': 'default', 'introspect': 'True', 'static_parser': 'True', 'invocation_command': 'dbt debug', 'target_path': 'None', 'warn_error_options': 'WarnErrorOptions(include=[], exclude=[])', 'send_anonymous_usage_stats': 'True'}
[0m19:01:22.201767 [info ] [MainThread]: dbt version: 1.9.0-b1
[0m19:01:22.202781 [info ] [MainThread]: python version: 3.12.2
[0m19:01:22.203783 [info ] [MainThread]: python path: C:\Users\Vasya\AppData\Local\Programs\Python\Python312\python.exe
[0m19:01:22.204790 [info ] [MainThread]: os info: Windows-11-10.0.22631-SP0
[0m19:01:22.506095 [info ] [MainThread]: Using profiles dir at C:\Users\Vasya\.dbt
[0m19:01:22.507096 [info ] [MainThread]: Using profiles.yml file at C:\Users\Vasya\.dbt\profiles.yml
[0m19:01:22.507748 [info ] [MainThread]: Using dbt_project.yml file at C:\Users\Vasya\Documents\GitHub\db-assigment-4\dbt_project.yml
[0m19:01:22.538779 [info ] [MainThread]: adapter type: duckdb
[0m19:01:22.539776 [info ] [MainThread]: adapter version: 1.9.0
[0m19:01:22.540775 [info ] [MainThread]: Configuration:
[0m19:01:22.542781 [info ] [MainThread]:   profiles.yml file [[32mOK found and valid[0m]
[0m19:01:22.543776 [info ] [MainThread]:   dbt_project.yml file [[31mERROR not found[0m]
[0m19:01:22.544776 [info ] [MainThread]: Required dependencies:
[0m19:01:22.545774 [debug] [MainThread]: Executing "git --help"
[0m19:01:22.596779 [debug] [MainThread]: STDOUT: "b"usage: git [-v | --version] [-h | --help] [-C <path>] [-c <name>=<value>]\n           [--exec-path[=<path>]] [--html-path] [--man-path] [--info-path]\n           [-p | --paginate | -P | --no-pager] [--no-replace-objects] [--bare]\n           [--git-dir=<path>] [--work-tree=<path>] [--namespace=<name>]\n           [--config-env=<name>=<envvar>] <command> [<args>]\n\nThese are common Git commands used in various situations:\n\nstart a working area (see also: git help tutorial)\n   clone     Clone a repository into a new directory\n   init      Create an empty Git repository or reinitialize an existing one\n\nwork on the current change (see also: git help everyday)\n   add       Add file contents to the index\n   mv        Move or rename a file, a directory, or a symlink\n   restore   Restore working tree files\n   rm        Remove files from the working tree and from the index\n\nexamine the history and state (see also: git help revisions)\n   bisect    Use binary search to find the commit that introduced a bug\n   diff      Show changes between commits, commit and working tree, etc\n   grep      Print lines matching a pattern\n   log       Show commit logs\n   show      Show various types of objects\n   status    Show the working tree status\n\ngrow, mark and tweak your common history\n   branch    List, create, or delete branches\n   commit    Record changes to the repository\n   merge     Join two or more development histories together\n   rebase    Reapply commits on top of another base tip\n   reset     Reset current HEAD to the specified state\n   switch    Switch branches\n   tag       Create, list, delete or verify a tag object signed with GPG\n\ncollaborate (see also: git help workflows)\n   fetch     Download objects and refs from another repository\n   pull      Fetch from and integrate with another repository or a local branch\n   push      Update remote refs along with associated objects\n\n'git help -a' and 'git help -g' list available subcommands and some\nconcept guides. See 'git help <command>' or 'git help <concept>'\nto read about a specific subcommand or concept.\nSee 'git help git' for an overview of the system.\n""
[0m19:01:22.597783 [debug] [MainThread]: STDERR: "b''"
[0m19:01:22.598785 [info ] [MainThread]:  - git [[32mOK found[0m]

[0m19:01:22.598785 [info ] [MainThread]: Connection:
[0m19:01:22.600295 [info ] [MainThread]:   database: dev
[0m19:01:22.601313 [info ] [MainThread]:   schema: main
[0m19:01:22.602305 [info ] [MainThread]:   path: dev.duckdb
[0m19:01:22.603312 [info ] [MainThread]:   config_options: None
[0m19:01:22.604307 [info ] [MainThread]:   extensions: None
[0m19:01:22.605313 [info ] [MainThread]:   settings: {}
[0m19:01:22.606313 [info ] [MainThread]:   external_root: .
[0m19:01:22.607309 [info ] [MainThread]:   use_credential_provider: None
[0m19:01:22.608313 [info ] [MainThread]:   attach: None
[0m19:01:22.609318 [info ] [MainThread]:   filesystems: None
[0m19:01:22.610307 [info ] [MainThread]:   remote: None
[0m19:01:22.611311 [info ] [MainThread]:   plugins: None
[0m19:01:22.612306 [info ] [MainThread]:   disable_transactions: False
[0m19:01:22.613316 [info ] [MainThread]: Registered adapter: duckdb=1.9.0
[0m19:01:22.614312 [debug] [MainThread]: Acquiring new duckdb connection 'debug'
[0m19:01:25.807267 [debug] [MainThread]: Using duckdb connection "debug"
[0m19:01:25.808266 [debug] [MainThread]: On debug: select 1 as id
[0m19:01:25.809270 [debug] [MainThread]: Opening a new connection, currently in state init
[0m19:01:25.837828 [debug] [MainThread]: SQL status: OK in 0.029 seconds
[0m19:01:25.839826 [debug] [MainThread]: On debug: Close
[0m19:01:25.843827 [info ] [MainThread]:   Connection test: [[32mOK connection ok[0m]

[0m19:01:25.844827 [info ] [MainThread]: [31m1 check failed:[0m
[0m19:01:25.845827 [info ] [MainThread]: Project loading failed for the following reason:
 project path <C:\Users\Vasya\Documents\GitHub\db-assigment-4\dbt_project.yml> not found

[0m19:01:25.848836 [debug] [MainThread]: Command `dbt debug` failed at 19:01:25.847833 after 3.94 seconds
[0m19:01:25.849832 [debug] [MainThread]: Connection 'debug' was properly closed.
[0m19:01:25.851833 [debug] [MainThread]: Sending event: {'category': 'dbt', 'action': 'invocation', 'label': 'end', 'context': [<snowplow_tracker.self_describing_json.SelfDescribingJson object at 0x000001A26BA6A4B0>, <snowplow_tracker.self_describing_json.SelfDescribingJson object at 0x000001A26EA80C20>, <snowplow_tracker.self_describing_json.SelfDescribingJson object at 0x000001A26E5C2C30>]}
[0m19:01:25.852828 [debug] [MainThread]: Flushing usage events
[0m19:01:26.425686 [debug] [MainThread]: An error was encountered while trying to flush usage events
